<?xml version="1.0" encoding="UTF-8"?>
<testsuite name="PetApiTest" tests="4" skipped="0" failures="0" errors="0" timestamp="2016-06-06T13:56:37" hostname="clasnake-MacBook-Pro.local" time="8.201">
  <properties/>
  <testcase name="PetApi should add and fetch a pet" classname="PetApiTest" time="2.414"/>
  <testcase name="PetApi should update a pet" classname="PetApiTest" time="2.555"/>
  <testcase name="PetApi should find pets by status" classname="PetApiTest" time="2.665"/>
  <testcase name="PetApi should find pets by tag" classname="PetApiTest" time="0.567"/>
  <system-out><![CDATA[finding by tags
]]></system-out>
  <system-err><![CDATA[]]></system-err>
</testsuite>
