<?xml version="1.0" encoding="UTF-8"?>
<testsuite name="UserApiTest" tests="6" skipped="0" failures="0" errors="0" timestamp="2016-06-06T13:56:51" hostname="clasnake-MacBook-Pro.local" time="10.902">
  <properties/>
  <testcase name="UserApi should fetch a user" classname="UserApiTest" time="0.594"/>
  <testcase name="UserApi should authenticate a user" classname="UserApiTest" time="0.559"/>
  <testcase name="UserApi should log out a user" classname="UserApiTest" time="2.13"/>
  <testcase name="UserApi should create 2 users" classname="UserApiTest" time="1.912"/>
  <testcase name="UserApi should create 3 users" classname="UserApiTest" time="2.355"/>
  <testcase name="UserApi should update a user" classname="UserApiTest" time="3.348"/>
  <system-out><![CDATA[]]></system-out>
  <system-err><![CDATA[]]></system-err>
</testsuite>
